#
# There is insufficient memory for the Java Runtime Environment to continue.
# Native memory allocation (malloc) failed to allocate 1047536 bytes for Chunk::new
# Possible reasons:
#   The system is out of physical RAM or swap space
#   The process is running with CompressedOops enabled, and the Java Heap may be blocking the growth of the native heap
# Possible solutions:
#   Reduce memory load on the system
#   Increase physical memory or swap space
#   Check if swap backing store is full
#   Decrease Java heap size (-Xmx/-Xms)
#   Decrease number of Java threads
#   Decrease Java thread stack sizes (-Xss)
#   Set larger code cache with -XX:ReservedCodeCacheSize=
#   JVM is running with Unscaled Compressed Oops mode in which the Java heap is
#     placed in the first 4GB address space. The Java Heap base address is the
#     maximum limit for the native heap growth. Please use -XX:HeapBaseMinAddress
#     to set the Java Heap base and to place the Java Heap above 4GB virtual address.
# This output file may be truncated or incomplete.
#
#  Out of Memory Error (./src/hotspot/share/memory/arena.cpp:197), pid=500, tid=3980
#
# JRE version: OpenJDK Runtime Environment (11.0.12+7) (build 11.0.12+7-b1504.28-7817840)
# Java VM: OpenJDK 64-Bit Server VM (11.0.12+7-b1504.28-7817840, mixed mode, tiered, compressed oops, g1 gc, windows-amd64)
# No core dump will be written. Minidumps are not enabled by default on client versions of Windows
#

---------------  S U M M A R Y ------------

Command Line: --add-opens=java.base/java.util=ALL-UNNAMED --add-opens=java.base/java.lang=ALL-UNNAMED --add-opens=java.base/java.lang.invoke=ALL-UNNAMED --add-opens=java.base/java.util=ALL-UNNAMED --add-opens=java.prefs/java.util.prefs=ALL-UNNAMED --add-opens=java.prefs/java.util.prefs=ALL-UNNAMED --add-opens=java.base/java.nio.charset=ALL-UNNAMED --add-opens=java.base/java.net=ALL-UNNAMED --add-opens=java.base/java.util.concurrent.atomic=ALL-UNNAMED -Xmx2048m -Dfile.encoding=UTF-8 -Duser.country=US -Duser.language=en -Duser.variant org.gradle.launcher.daemon.bootstrap.GradleDaemon 7.3.3

Host: Intel(R) Core(TM) i3-6100U CPU @ 2.30GHz, 4 cores, 7G,  Windows 10 , 64 bit Build 19041 (10.0.19041.1706)
Time: Wed Oct 12 17:40:25 2022 Pacific Daylight Time elapsed time: 7533.038991 seconds (0d 2h 5m 33s)

---------------  T H R E A D  ---------------

Current thread (0x000001bf5f308000):  JavaThread "C2 CompilerThread0" daemon [_thread_in_native, id=3980, stack(0x0000009eebc00000,0x0000009eebd00000)]


Current CompileTask:
C2:7533039 16183       4       sun.security.util.AlgorithmDecomposer::decompose (336 bytes)

Stack: [0x0000009eebc00000,0x0000009eebd00000]
Native frames: (J=compiled Java code, j=interpreted, Vv=VM code, C=native code)
V  [jvm.dll+0x5fbcea]
V  [jvm.dll+0x731905]
V  [jvm.dll+0x732f1d]
V  [jvm.dll+0x7335d3]
V  [jvm.dll+0x247bf8]
V  [jvm.dll+0xc018c]
V  [jvm.dll+0xc06cc]
V  [jvm.dll+0x35b31d]
V  [jvm.dll+0x328803]
V  [jvm.dll+0x327cfa]
V  [jvm.dll+0x200602]
V  [jvm.dll+0x1ff794]
V  [jvm.dll+0x18868c]
V  [jvm.dll+0x20e0d7]
V  [jvm.dll+0x20c901]
V  [jvm.dll+0x6f9b7f]
V  [jvm.dll+0x6f26a5]
V  [jvm.dll+0x5fabf6]
C  [ucrtbase.dll+0x21bb2]
C  [KERNEL32.DLL+0x17034]
C  [ntdll.dll+0x52651]


---------------  P R O C E S S  ---------------

Threads class SMR info:
_java_thread_list=0x000001bf66e8f990, length=79, elements={
0x000001bf456ed800, 0x000001bf5f2e3000, 0x000001bf5f2e4000, 0x000001bf5f2fc800,
0x000001bf5f2fd800, 0x000001bf5f2ff800, 0x000001bf5f308000, 0x000001bf5f309000,
0x000001bf5f30a800, 0x000001bf5fdaf800, 0x000001bf60e17000, 0x000001bf60f7a800,
0x000001bf61e28000, 0x000001bf625ba800, 0x000001bf625b9000, 0x000001bf625bb800,
0x000001bf625bd000, 0x000001bf625be000, 0x000001bf625b8000, 0x000001bf625be800,
0x000001bf63654800, 0x000001bf63655800, 0x000001bf63656000, 0x000001bf63650800,
0x000001bf6207a000, 0x000001bf6208b800, 0x000001bf6208f000, 0x000001bf6208c800,
0x000001bf6208f800, 0x000001bf62093000, 0x000001bf62090800, 0x000001bf6208d000,
0x000001bf62092000, 0x000001bf6208e000, 0x000001bf62093800, 0x000001bf62097000,
0x000001bf62094800, 0x000001bf62095800, 0x000001bf62091800, 0x000001bf6209a000,
0x000001bf62098800, 0x000001bf62098000, 0x000001bf62099800, 0x000001bf62072800,
0x000001bf6206e800, 0x000001bf6206f800, 0x000001bf62073800, 0x000001bf62071000,
0x000001bf62070000, 0x000001bf6206e000, 0x000001bf62075000, 0x000001bf62077000,
0x000001bf62074800, 0x000001bf62077800, 0x000001bf6207b800, 0x000001bf62079000,
0x000001bf62076000, 0x000001bf62078800, 0x000001bf6207c800, 0x000001bf63652000,
0x000001bf6364f800, 0x000001bf63653000, 0x000001bf63658000, 0x000001bf63659800,
0x000001bf63654000, 0x000001bf6365a800, 0x000001bf6365d000, 0x000001bf6365b000,
0x000001bf6365c000, 0x000001bf6365e800, 0x000001bf6365d800, 0x000001bf625bc000,
0x000001bf625b9800, 0x000001bf62559000, 0x000001bf62554800, 0x000001bf62556800,
0x000001bf62559800, 0x000001bf62557000, 0x000001bf62555800
}

Java Threads: ( => current thread )
  0x000001bf456ed800 JavaThread "main" [_thread_blocked, id=7764, stack(0x0000009eeb000000,0x0000009eeb100000)]
  0x000001bf5f2e3000 JavaThread "Reference Handler" daemon [_thread_blocked, id=1924, stack(0x0000009eeb700000,0x0000009eeb800000)]
  0x000001bf5f2e4000 JavaThread "Finalizer" daemon [_thread_blocked, id=14880, stack(0x0000009eeb800000,0x0000009eeb900000)]
  0x000001bf5f2fc800 JavaThread "Signal Dispatcher" daemon [_thread_blocked, id=15048, stack(0x0000009eeb900000,0x0000009eeba00000)]
  0x000001bf5f2fd800 JavaThread "Attach Listener" daemon [_thread_blocked, id=3200, stack(0x0000009eeba00000,0x0000009eebb00000)]
  0x000001bf5f2ff800 JavaThread "Service Thread" daemon [_thread_blocked, id=1300, stack(0x0000009eebb00000,0x0000009eebc00000)]
=>0x000001bf5f308000 JavaThread "C2 CompilerThread0" daemon [_thread_in_native, id=3980, stack(0x0000009eebc00000,0x0000009eebd00000)]
  0x000001bf5f309000 JavaThread "C1 CompilerThread0" daemon [_thread_blocked, id=15616, stack(0x0000009eebd00000,0x0000009eebe00000)]
  0x000001bf5f30a800 JavaThread "Sweeper thread" daemon [_thread_blocked, id=14432, stack(0x0000009eebe00000,0x0000009eebf00000)]
  0x000001bf5fdaf800 JavaThread "Common-Cleaner" daemon [_thread_blocked, id=2556, stack(0x0000009eebf00000,0x0000009eec000000)]
  0x000001bf60e17000 JavaThread "Daemon health stats" [_thread_blocked, id=10936, stack(0x0000009eec400000,0x0000009eec500000)]
  0x000001bf60f7a800 JavaThread "Incoming local TCP Connector on port 52592" [_thread_in_native, id=11932, stack(0x0000009eec100000,0x0000009eec200000)]
  0x000001bf61e28000 JavaThread "Daemon periodic checks" [_thread_blocked, id=13492, stack(0x0000009eec500000,0x0000009eec600000)]
  0x000001bf625ba800 JavaThread "Cache worker for journal cache (C:\Users\dariu\.gradle\caches\journal-1)" [_thread_blocked, id=13532, stack(0x0000009eecf00000,0x0000009eed000000)]
  0x000001bf625b9000 JavaThread "File lock request listener" [_thread_in_native, id=16112, stack(0x0000009eed000000,0x0000009eed100000)]
  0x000001bf625bb800 JavaThread "Cache worker for file hash cache (C:\Users\dariu\.gradle\caches\7.3.3\fileHashes)" [_thread_blocked, id=7068, stack(0x0000009eed100000,0x0000009eed200000)]
  0x000001bf625bd000 JavaThread "File watcher server" daemon [_thread_in_native, id=10140, stack(0x0000009eed300000,0x0000009eed400000)]
  0x000001bf625be000 JavaThread "File watcher consumer" daemon [_thread_blocked, id=13788, stack(0x0000009eed400000,0x0000009eed500000)]
  0x000001bf625b8000 JavaThread "jar transforms" [_thread_blocked, id=14024, stack(0x0000009eed500000,0x0000009eed600000)]
  0x000001bf625be800 JavaThread "jar transforms Thread 2" [_thread_blocked, id=15320, stack(0x0000009eed600000,0x0000009eed700000)]
  0x000001bf63654800 JavaThread "jar transforms Thread 3" [_thread_blocked, id=11968, stack(0x0000009eed700000,0x0000009eed800000)]
  0x000001bf63655800 JavaThread "jar transforms Thread 4" [_thread_blocked, id=2896, stack(0x0000009eed800000,0x0000009eed900000)]
  0x000001bf63656000 JavaThread "Cache worker for execution history cache (C:\Users\dariu\.gradle\caches\7.3.3\executionHistory)" [_thread_blocked, id=16020, stack(0x0000009eedc00000,0x0000009eedd00000)]
  0x000001bf63650800 JavaThread "Cache worker for file content cache (C:\Users\dariu\.gradle\caches\7.3.3\fileContent)" [_thread_blocked, id=5356, stack(0x0000009eedd00000,0x0000009eede00000)]
  0x000001bf6207a000 JavaThread "Memory manager" [_thread_blocked, id=4140, stack(0x0000009ef0800000,0x0000009ef0900000)]
  0x000001bf6208b800 JavaThread "Daemon Thread 3" [_thread_blocked, id=11232, stack(0x0000009eead00000,0x0000009eeae00000)]
  0x000001bf6208f000 JavaThread "Handler for socket connection from /127.0.0.1:52592 to /127.0.0.1:54745" [_thread_in_native, id=912, stack(0x0000009eeae00000,0x0000009eeaf00000)]
  0x000001bf6208c800 JavaThread "Cancel handler" [_thread_blocked, id=12304, stack(0x0000009eeaf00000,0x0000009eeb000000)]
  0x000001bf6208f800 JavaThread "Daemon worker Thread 3" [_thread_in_native, id=3264, stack(0x0000009eec600000,0x0000009eec700000)]
  0x000001bf62093000 JavaThread "Asynchronous log dispatcher for DefaultDaemonConnection: socket connection from /127.0.0.1:52592 to /127.0.0.1:54745" [_thread_blocked, id=13692, stack(0x0000009eec700000,0x0000009eec800000)]
  0x000001bf62090800 JavaThread "Stdin handler" [_thread_blocked, id=15008, stack(0x0000009eec800000,0x0000009eec900000)]
  0x000001bf6208d000 JavaThread "Daemon client event forwarder" [_thread_blocked, id=13928, stack(0x0000009eec900000,0x0000009eeca00000)]
  0x000001bf62092000 JavaThread "Cache worker for file hash cache (C:\Users\dariu\codefellows\Task_Master\.gradle\7.3.3\fileHashes)" [_thread_blocked, id=1624, stack(0x0000009eeca00000,0x0000009eecb00000)]
  0x000001bf6208e000 JavaThread "Cache worker for checksums cache (C:\Users\dariu\codefellows\Task_Master\.gradle\7.3.3\checksums)" [_thread_blocked, id=3860, stack(0x0000009eecb00000,0x0000009eecc00000)]
  0x000001bf62093800 JavaThread "Cache worker for cache directory md-supplier (C:\Users\dariu\.gradle\caches\7.3.3\md-supplier)" [_thread_blocked, id=8488, stack(0x0000009eecc00000,0x0000009eecd00000)]
  0x000001bf62097000 JavaThread "Cache worker for cache directory md-rule (C:\Users\dariu\.gradle\caches\7.3.3\md-rule)" [_thread_blocked, id=11608, stack(0x0000009eecd00000,0x0000009eece00000)]
  0x000001bf62094800 JavaThread "Cache worker for dependencies-accessors (C:\Users\dariu\codefellows\Task_Master\.gradle\7.3.3\dependencies-accessors)" [_thread_blocked, id=8872, stack(0x0000009eed200000,0x0000009eed300000)]
  0x000001bf62095800 JavaThread "Cache worker for Build Output Cleanup Cache (C:\Users\dariu\codefellows\Task_Master\.gradle\buildOutputCleanup)" [_thread_blocked, id=5060, stack(0x0000009eed900000,0x0000009eeda00000)]
  0x000001bf62091800 JavaThread "Unconstrained build operations" [_thread_in_native, id=11812, stack(0x0000009eeda00000,0x0000009eedb00000)]
  0x000001bf6209a000 JavaThread "Unconstrained build operations Thread 2" [_thread_blocked, id=11796, stack(0x0000009eedb00000,0x0000009eedc00000)]
  0x000001bf62098800 JavaThread "Unconstrained build operations Thread 3" [_thread_blocked, id=4000, stack(0x0000009eede00000,0x0000009eedf00000)]
  0x000001bf62098000 JavaThread "Unconstrained build operations Thread 4" [_thread_blocked, id=14128, stack(0x0000009eedf00000,0x0000009eee000000)]
  0x000001bf62099800 JavaThread "Unconstrained build operations Thread 5" [_thread_blocked, id=12608, stack(0x0000009eee000000,0x0000009eee100000)]
  0x000001bf62072800 JavaThread "Unconstrained build operations Thread 6" [_thread_blocked, id=14760, stack(0x0000009eee100000,0x0000009eee200000)]
  0x000001bf6206e800 JavaThread "Unconstrained build operations Thread 7" [_thread_blocked, id=11244, stack(0x0000009eee200000,0x0000009eee300000)]
  0x000001bf6206f800 JavaThread "Unconstrained build operations Thread 8" [_thread_blocked, id=12384, stack(0x0000009eee300000,0x0000009eee400000)]
  0x000001bf62073800 JavaThread "Unconstrained build operations Thread 9" [_thread_blocked, id=1912, stack(0x0000009eee400000,0x0000009eee500000)]
  0x000001bf62071000 JavaThread "Unconstrained build operations Thread 10" [_thread_blocked, id=10932, stack(0x0000009eee500000,0x0000009eee600000)]
  0x000001bf62070000 JavaThread "Unconstrained build operations Thread 11" [_thread_blocked, id=11236, stack(0x0000009eee600000,0x0000009eee700000)]
  0x000001bf6206e000 JavaThread "Unconstrained build operations Thread 12" [_thread_blocked, id=12924, stack(0x0000009eee700000,0x0000009eee800000)]
  0x000001bf62075000 JavaThread "Unconstrained build operations Thread 13" [_thread_blocked, id=13328, stack(0x0000009eee800000,0x0000009eee900000)]
  0x000001bf62077000 JavaThread "Unconstrained build operations Thread 14" [_thread_blocked, id=13732, stack(0x0000009eee900000,0x0000009eeea00000)]
  0x000001bf62074800 JavaThread "Unconstrained build operations Thread 15" [_thread_blocked, id=996, stack(0x0000009eeea00000,0x0000009eeeb00000)]
  0x000001bf62077800 JavaThread "Unconstrained build operations Thread 16" [_thread_blocked, id=408, stack(0x0000009eeeb00000,0x0000009eeec00000)]
  0x000001bf6207b800 JavaThread "Unconstrained build operations Thread 17" [_thread_blocked, id=4868, stack(0x0000009eeec00000,0x0000009eeed00000)]
  0x000001bf62079000 JavaThread "Unconstrained build operations Thread 18" [_thread_blocked, id=4488, stack(0x0000009eeed00000,0x0000009eeee00000)]
  0x000001bf62076000 JavaThread "Unconstrained build operations Thread 19" [_thread_blocked, id=8556, stack(0x0000009eeee00000,0x0000009eeef00000)]
  0x000001bf62078800 JavaThread "Unconstrained build operations Thread 20" [_thread_blocked, id=13292, stack(0x0000009eeef00000,0x0000009eef000000)]
  0x000001bf6207c800 JavaThread "Unconstrained build operations Thread 21" [_thread_blocked, id=2492, stack(0x0000009eef000000,0x0000009eef100000)]
  0x000001bf63652000 JavaThread "Unconstrained build operations Thread 22" [_thread_blocked, id=13884, stack(0x0000009eef100000,0x0000009eef200000)]
  0x000001bf6364f800 JavaThread "Unconstrained build operations Thread 23" [_thread_blocked, id=2516, stack(0x0000009eef200000,0x0000009eef300000)]
  0x000001bf63653000 JavaThread "Unconstrained build operations Thread 24" [_thread_blocked, id=1180, stack(0x0000009eef300000,0x0000009eef400000)]
  0x000001bf63658000 JavaThread "Unconstrained build operations Thread 25" [_thread_blocked, id=3816, stack(0x0000009eef400000,0x0000009eef500000)]
  0x000001bf63659800 JavaThread "Unconstrained build operations Thread 26" [_thread_blocked, id=4348, stack(0x0000009eef500000,0x0000009eef600000)]
  0x000001bf63654000 JavaThread "Unconstrained build operations Thread 27" [_thread_blocked, id=8548, stack(0x0000009eef600000,0x0000009eef700000)]
  0x000001bf6365a800 JavaThread "Unconstrained build operations Thread 28" [_thread_blocked, id=15712, stack(0x0000009eef700000,0x0000009eef800000)]
  0x000001bf6365d000 JavaThread "Unconstrained build operations Thread 29" [_thread_blocked, id=3832, stack(0x0000009eef800000,0x0000009eef900000)]
  0x000001bf6365b000 JavaThread "Unconstrained build operations Thread 30" [_thread_blocked, id=3356, stack(0x0000009eef900000,0x0000009eefa00000)]
  0x000001bf6365c000 JavaThread "Unconstrained build operations Thread 31" [_thread_blocked, id=15944, stack(0x0000009eefa00000,0x0000009eefb00000)]
  0x000001bf6365e800 JavaThread "Unconstrained build operations Thread 32" [_thread_blocked, id=1360, stack(0x0000009eefb00000,0x0000009eefc00000)]
  0x000001bf6365d800 JavaThread "Unconstrained build operations Thread 33" [_thread_blocked, id=13608, stack(0x0000009eefc00000,0x0000009eefd00000)]
  0x000001bf625bc000 JavaThread "Unconstrained build operations Thread 34" [_thread_blocked, id=220, stack(0x0000009eefd00000,0x0000009eefe00000)]
  0x000001bf625b9800 JavaThread "Unconstrained build operations Thread 35" [_thread_in_native, id=12744, stack(0x0000009eefe00000,0x0000009eeff00000)]
  0x000001bf62559000 JavaThread "Unconstrained build operations Thread 36" [_thread_blocked, id=12808, stack(0x0000009eeff00000,0x0000009ef0000000)]
  0x000001bf62554800 JavaThread "Unconstrained build operations Thread 37" [_thread_blocked, id=15112, stack(0x0000009ef0000000,0x0000009ef0100000)]
  0x000001bf62556800 JavaThread "Unconstrained build operations Thread 38" [_thread_blocked, id=14904, stack(0x0000009ef0100000,0x0000009ef0200000)]
  0x000001bf62559800 JavaThread "Unconstrained build operations Thread 39" [_thread_blocked, id=15772, stack(0x0000009ef0200000,0x0000009ef0300000)]
  0x000001bf62557000 JavaThread "Unconstrained build operations Thread 40" [_thread_blocked, id=3220, stack(0x0000009ef0300000,0x0000009ef0400000)]
  0x000001bf62555800 JavaThread "Cache worker for execution history cache (C:\Users\dariu\codefellows\Task_Master\.gradle\7.3.3\executionHistory)" [_thread_blocked, id=10680, stack(0x0000009ef0700000,0x0000009ef0800000)]

Other Threads:
  0x000001bf5f2dd800 VMThread "VM Thread" [stack: 0x0000009eeb600000,0x0000009eeb700000] [id=9524]
  0x000001bf5fdbc800 WatcherThread [stack: 0x0000009eec000000,0x0000009eec100000] [id=16232]
  0x000001bf45707000 GCTaskThread "GC Thread#0" [stack: 0x0000009eeb100000,0x0000009eeb200000] [id=13132]
  0x000001bf5fefc000 GCTaskThread "GC Thread#1" [stack: 0x0000009eec200000,0x0000009eec300000] [id=15620]
  0x000001bf6040f800 GCTaskThread "GC Thread#2" [stack: 0x0000009eec300000,0x0000009eec400000] [id=14816]
  0x000001bf625d7800 GCTaskThread "GC Thread#3" [stack: 0x0000009eece00000,0x0000009eecf00000] [id=1124]
  0x000001bf45738000 ConcurrentGCThread "G1 Main Marker" [stack: 0x0000009eeb200000,0x0000009eeb300000] [id=7172]
  0x000001bf45739000 ConcurrentGCThread "G1 Conc#0" [stack: 0x0000009eeb300000,0x0000009eeb400000] [id=12372]
  0x000001bf457c7800 ConcurrentGCThread "G1 Refine#0" [stack: 0x0000009eeb400000,0x0000009eeb500000] [id=3292]
  0x000001bf457c8800 ConcurrentGCThread "G1 Young RemSet Sampling" [stack: 0x0000009eeb500000,0x0000009eeb600000] [id=15100]

Threads with active compile tasks:
C2 CompilerThread07533129 16183       4       sun.security.util.AlgorithmDecomposer::decompose (336 bytes)

VM state:not at safepoint (normal execution)

VM Mutex/Monitor currently owned by a thread: None

Heap address: 0x0000000080000000, size: 2048 MB, Compressed Oops mode: 32-bit
Narrow klass base: 0x0000000000000000, Narrow klass shift: 3
Compressed class space size: 1073741824 Address: 0x0000000100000000

Heap:
 garbage-first heap   total 227328K, used 144580K [0x0000000080000000, 0x0000000100000000)
  region size 1024K, 19 young (19456K), 6 survivors (6144K)
 Metaspace       used 108894K, capacity 111876K, committed 112204K, reserved 1146880K
  class space    used 13786K, capacity 14837K, committed 14924K, reserved 1048576K
Heap Regions: E=young(eden), S=young(survivor), O=old, HS=humongous(starts), HC=humongous(continues), CS=collection set, F=free, A=archive, TAMS=top-at-mark-start (previous, next)
|   0|0x0000000080000000, 0x0000000080100000, 0x0000000080100000|100%| O|  |TAMS 0x0000000080100000, 0x0000000080000000| Untracked 
|   1|0x0000000080100000, 0x0000000080200000, 0x0000000080200000|100%| O|  |TAMS 0x0000000080200000, 0x0000000080100000| Complete 
|   2|0x0000000080200000, 0x0000000080300000, 0x0000000080300000|100%| O|  |TAMS 0x0000000080300000, 0x0000000080200000| Untracked 
|   3|0x0000000080300000, 0x0000000080400000, 0x0000000080400000|100%|HS|  |TAMS 0x0000000080400000, 0x0000000080300000| Complete 
|   4|0x0000000080400000, 0x0000000080500000, 0x0000000080500000|100%|HC|  |TAMS 0x0000000080500000, 0x0000000080400000| Complete 
|   5|0x0000000080500000, 0x0000000080600000, 0x0000000080600000|100%|HC|  |TAMS 0x0000000080600000, 0x0000000080500000| Complete 
|   6|0x0000000080600000, 0x0000000080700000, 0x0000000080700000|100%| O|  |TAMS 0x0000000080700000, 0x0000000080600000| Untracked 
|   7|0x0000000080700000, 0x0000000080800000, 0x0000000080800000|100%| O|  |TAMS 0x0000000080800000, 0x0000000080700000| Untracked 
|   8|0x0000000080800000, 0x0000000080900000, 0x0000000080900000|100%| O|  |TAMS 0x0000000080900000, 0x0000000080800000| Untracked 
|   9|0x0000000080900000, 0x0000000080a00000, 0x0000000080a00000|100%| O|  |TAMS 0x0000000080a00000, 0x0000000080900000| Untracked 
|  10|0x0000000080a00000, 0x0000000080b00000, 0x0000000080b00000|100%| O|  |TAMS 0x0000000080b00000, 0x0000000080a00000| Untracked 
|  11|0x0000000080b00000, 0x0000000080c00000, 0x0000000080c00000|100%| O|  |TAMS 0x0000000080c00000, 0x0000000080b00000| Untracked 
|  12|0x0000000080c00000, 0x0000000080d00000, 0x0000000080d00000|100%| O|  |TAMS 0x0000000080d00000, 0x0000000080c00000| Untracked 
|  13|0x0000000080d00000, 0x0000000080e00000, 0x0000000080e00000|100%| O|  |TAMS 0x0000000080e00000, 0x0000000080d00000| Untracked 
|  14|0x0000000080e00000, 0x0000000080f00000, 0x0000000080f00000|100%| O|  |TAMS 0x0000000080f00000, 0x0000000080e00000| Complete 
|  15|0x0000000080f00000, 0x0000000081000000, 0x0000000081000000|100%| O|  |TAMS 0x0000000081000000, 0x0000000080f00000| Complete 
|  16|0x0000000081000000, 0x0000000081100000, 0x0000000081100000|100%|HS|  |TAMS 0x0000000081100000, 0x0000000081000000| Complete 
|  17|0x0000000081100000, 0x0000000081200000, 0x0000000081200000|100%|HC|  |TAMS 0x0000000081200000, 0x0000000081100000| Complete 
|  18|0x0000000081200000, 0x0000000081300000, 0x0000000081300000|100%|HS|  |TAMS 0x0000000081300000, 0x0000000081200000| Complete 
|  19|0x0000000081300000, 0x0000000081400000, 0x0000000081400000|100%|HC|  |TAMS 0x0000000081400000, 0x0000000081300000| Complete 
|  20|0x0000000081400000, 0x0000000081500000, 0x0000000081500000|100%|HC|  |TAMS 0x0000000081500000, 0x0000000081400000| Complete 
|  21|0x0000000081500000, 0x0000000081600000, 0x0000000081600000|100%|HS|  |TAMS 0x0000000081600000, 0x0000000081500000| Complete 
|  22|0x0000000081600000, 0x0000000081700000, 0x0000000081700000|100%|HS|  |TAMS 0x0000000081700000, 0x0000000081600000| Complete 
|  23|0x0000000081700000, 0x0000000081800000, 0x0000000081800000|100%|HC|  |TAMS 0x0000000081800000, 0x0000000081700000| Complete 
|  24|0x0000000081800000, 0x0000000081900000, 0x0000000081900000|100%|HC|  |TAMS 0x0000000081900000, 0x0000000081800000| Complete 
|  25|0x0000000081900000, 0x0000000081a00000, 0x0000000081a00000|100%|HC|  |TAMS 0x0000000081a00000, 0x0000000081900000| Complete 
|  26|0x0000000081a00000, 0x0000000081b00000, 0x0000000081b00000|100%| O|  |TAMS 0x0000000081b00000, 0x0000000081a00000| Untracked 
|  27|0x0000000081b00000, 0x0000000081c00000, 0x0000000081c00000|100%| O|  |TAMS 0x0000000081c00000, 0x0000000081b00000| Complete 
|  28|0x0000000081c00000, 0x0000000081d00000, 0x0000000081d00000|100%| O|  |TAMS 0x0000000081d00000, 0x0000000081c00000| Complete 
|  29|0x0000000081d00000, 0x0000000081e00000, 0x0000000081e00000|100%|HS|  |TAMS 0x0000000081e00000, 0x0000000081d00000| Complete 
|  30|0x0000000081e00000, 0x0000000081f00000, 0x0000000081f00000|100%|HS|  |TAMS 0x0000000081f00000, 0x0000000081e00000| Complete 
|  31|0x0000000081f00000, 0x0000000082000000, 0x0000000082000000|100%| O|  |TAMS 0x0000000082000000, 0x0000000081f00000| Complete 
|  32|0x0000000082000000, 0x0000000082100000, 0x0000000082100000|100%| O|  |TAMS 0x0000000082100000, 0x0000000082000000| Untracked 
|  33|0x0000000082100000, 0x0000000082200000, 0x0000000082200000|100%| O|  |TAMS 0x0000000082200000, 0x0000000082100000| Untracked 
|  34|0x0000000082200000, 0x0000000082300000, 0x0000000082300000|100%| O|  |TAMS 0x0000000082300000, 0x0000000082200000| Untracked 
|  35|0x0000000082300000, 0x0000000082400000, 0x0000000082400000|100%| O|  |TAMS 0x0000000082400000, 0x0000000082300000| Complete 
|  36|0x0000000082400000, 0x0000000082500000, 0x0000000082500000|100%| O|  |TAMS 0x0000000082500000, 0x0000000082400000| Complete 
|  37|0x0000000082500000, 0x0000000082600000, 0x0000000082600000|100%|HS|  |TAMS 0x0000000082600000, 0x0000000082500000| Complete 
|  38|0x0000000082600000, 0x0000000082700000, 0x0000000082700000|100%|HC|  |TAMS 0x0000000082700000, 0x0000000082600000| Complete 
|  39|0x0000000082700000, 0x0000000082800000, 0x0000000082800000|100%|HC|  |TAMS 0x0000000082800000, 0x0000000082700000| Complete 
|  40|0x0000000082800000, 0x0000000082900000, 0x0000000082900000|100%| O|  |TAMS 0x0000000082900000, 0x0000000082800000| Complete 
|  41|0x0000000082900000, 0x0000000082a00000, 0x0000000082a00000|100%| O|  |TAMS 0x0000000082a00000, 0x0000000082900000| Complete 
|  42|0x0000000082a00000, 0x0000000082b00000, 0x0000000082b00000|100%| O|  |TAMS 0x0000000082b00000, 0x0000000082a00000| Untracked 
|  43|0x0000000082b00000, 0x0000000082c00000, 0x0000000082c00000|100%| O|  |TAMS 0x0000000082c00000, 0x0000000082b00000| Complete 
|  44|0x0000000082c00000, 0x0000000082d00000, 0x0000000082d00000|100%| O|  |TAMS 0x0000000082d00000, 0x0000000082c00000| Complete 
|  45|0x0000000082d00000, 0x0000000082e00000, 0x0000000082e00000|100%|HS|  |TAMS 0x0000000082e00000, 0x0000000082d00000| Complete 
|  46|0x0000000082e00000, 0x0000000082f00000, 0x0000000082f00000|100%|HC|  |TAMS 0x0000000082f00000, 0x0000000082e00000| Complete 
|  47|0x0000000082f00000, 0x0000000083000000, 0x0000000083000000|100%|HC|  |TAMS 0x0000000083000000, 0x0000000082f00000| Complete 
|  48|0x0000000083000000, 0x0000000083100000, 0x0000000083100000|100%|HC|  |TAMS 0x0000000083100000, 0x0000000083000000| Complete 
|  49|0x0000000083100000, 0x0000000083200000, 0x0000000083200000|100%|HS|  |TAMS 0x0000000083200000, 0x0000000083100000| Complete 
|  50|0x0000000083200000, 0x0000000083300000, 0x0000000083300000|100%|HS|  |TAMS 0x0000000083300000, 0x0000000083200000| Complete 
|  51|0x0000000083300000, 0x0000000083400000, 0x0000000083400000|100%|HC|  |TAMS 0x0000000083400000, 0x0000000083300000| Complete 
|  52|0x0000000083400000, 0x0000000083500000, 0x0000000083500000|100%| O|  |TAMS 0x0000000083500000, 0x0000000083400000| Complete 
|  53|0x0000000083500000, 0x0000000083600000, 0x0000000083600000|100%| O|  |TAMS 0x0000000083600000, 0x0000000083500000| Complete 
|  54|0x0000000083600000, 0x0000000083700000, 0x0000000083700000|100%| O|  |TAMS 0x0000000083700000, 0x0000000083600000| Complete 
|  55|0x0000000083700000, 0x0000000083800000, 0x0000000083800000|100%| O|  |TAMS 0x0000000083800000, 0x0000000083700000| Complete 
|  56|0x0000000083800000, 0x0000000083900000, 0x0000000083900000|100%| O|  |TAMS 0x0000000083900000, 0x0000000083800000| Complete 
|  57|0x0000000083900000, 0x0000000083a00000, 0x0000000083a00000|100%| O|  |TAMS 0x0000000083a00000, 0x0000000083900000| Complete 
|  58|0x0000000083a00000, 0x0000000083b00000, 0x0000000083b00000|100%| O|  |TAMS 0x0000000083b00000, 0x0000000083a00000| Untracked 
|  59|0x0000000083b00000, 0x0000000083c00000, 0x0000000083c00000|100%| O|  |TAMS 0x0000000083c00000, 0x0000000083b00000| Untracked 
|  60|0x0000000083c00000, 0x0000000083d00000, 0x0000000083d00000|100%| O|  |TAMS 0x0000000083d00000, 0x0000000083c00000| Untracked 
|  61|0x0000000083d00000, 0x0000000083e00000, 0x0000000083e00000|100%| O|  |TAMS 0x0000000083e00000, 0x0000000083d00000| Untracked 
|  62|0x0000000083e00000, 0x0000000083f00000, 0x0000000083f00000|100%| O|  |TAMS 0x0000000083f00000, 0x0000000083e00000| Complete 
|  63|0x0000000083f00000, 0x0000000084000000, 0x0000000084000000|100%| O|  |TAMS 0x0000000084000000, 0x0000000083f00000| Complete 
|  64|0x0000000084000000, 0x0000000084100000, 0x0000000084100000|100%| O|  |TAMS 0x0000000084100000, 0x0000000084000000| Complete 
|  65|0x0000000084100000, 0x0000000084200000, 0x0000000084200000|100%| O|  |TAMS 0x0000000084200000, 0x0000000084100000| Complete 
|  66|0x0000000084200000, 0x0000000084300000, 0x0000000084300000|100%| O|  |TAMS 0x0000000084300000, 0x0000000084200000| Complete 
|  67|0x0000000084300000, 0x0000000084400000, 0x0000000084400000|100%| O|  |TAMS 0x0000000084400000, 0x0000000084300000| Complete 
|  68|0x0000000084400000, 0x0000000084500000, 0x0000000084500000|100%|HS|  |TAMS 0x0000000084500000, 0x0000000084400000| Complete 
|  69|0x0000000084500000, 0x0000000084600000, 0x0000000084600000|100%| O|  |TAMS 0x0000000084600000, 0x0000000084500000| Complete 
|  70|0x0000000084600000, 0x0000000084700000, 0x0000000084700000|100%| O|  |TAMS 0x0000000084700000, 0x0000000084600000| Complete 
|  71|0x0000000084700000, 0x0000000084800000, 0x0000000084800000|100%| O|  |TAMS 0x0000000084800000, 0x0000000084700000| Complete 
|  72|0x0000000084800000, 0x0000000084900000, 0x0000000084900000|100%| O|  |TAMS 0x0000000084900000, 0x0000000084800000| Complete 
|  73|0x0000000084900000, 0x0000000084a00000, 0x0000000084a00000|100%| O|  |TAMS 0x0000000084a00000, 0x0000000084900000| Untracked 
|  74|0x0000000084a00000, 0x0000000084b00000, 0x0000000084b00000|100%|HS|  |TAMS 0x0000000084b00000, 0x0000000084a00000| Complete 
|  75|0x0000000084b00000, 0x0000000084c00000, 0x0000000084c00000|100%|HC|  |TAMS 0x0000000084c00000, 0x0000000084b00000| Complete 
|  76|0x0000000084c00000, 0x0000000084d00000, 0x0000000084d00000|100%|HS|  |TAMS 0x0000000084d00000, 0x0000000084c00000| Complete 
|  77|0x0000000084d00000, 0x0000000084e00000, 0x0000000084e00000|100%|HC|  |TAMS 0x0000000084e00000, 0x0000000084d00000| Complete 
|  78|0x0000000084e00000, 0x0000000084f00000, 0x0000000084f00000|100%|HC|  |TAMS 0x0000000084f00000, 0x0000000084e00000| Complete 
|  79|0x0000000084f00000, 0x0000000085000000, 0x0000000085000000|100%|HS|  |TAMS 0x0000000085000000, 0x0000000084f00000| Complete 
|  80|0x0000000085000000, 0x0000000085100000, 0x0000000085100000|100%|HC|  |TAMS 0x0000000085100000, 0x0000000085000000| Complete 
|  81|0x0000000085100000, 0x0000000085200000, 0x0000000085200000|100%|HC|  |TAMS 0x0000000085200000, 0x0000000085100000| Complete 
|  82|0x0000000085200000, 0x0000000085300000, 0x0000000085300000|100%|HC|  |TAMS 0x0000000085300000, 0x0000000085200000| Complete 
|  83|0x0000000085300000, 0x0000000085400000, 0x0000000085400000|100%| O|  |TAMS 0x0000000085400000, 0x0000000085300000| Complete 
|  84|0x0000000085400000, 0x0000000085500000, 0x0000000085500000|100%| O|  |TAMS 0x0000000085500000, 0x0000000085400000| Complete 
|  85|0x0000000085500000, 0x0000000085531200, 0x0000000085600000| 19%| O|  |TAMS 0x0000000085531200, 0x0000000085500000| Untracked 
|  86|0x0000000085600000, 0x0000000085600000, 0x0000000085700000|  0%| F|  |TAMS 0x0000000085600000, 0x0000000085600000| Untracked 
|  87|0x0000000085700000, 0x0000000085700000, 0x0000000085800000|  0%| F|  |TAMS 0x0000000085700000, 0x0000000085700000| Untracked 
|  88|0x0000000085800000, 0x0000000085900000, 0x0000000085900000|100%| O|  |TAMS 0x0000000085900000, 0x0000000085800000| Complete 
|  89|0x0000000085900000, 0x0000000085a00000, 0x0000000085a00000|100%| O|  |TAMS 0x0000000085a00000, 0x0000000085900000| Complete 
|  90|0x0000000085a00000, 0x0000000085a00000, 0x0000000085b00000|  0%| F|  |TAMS 0x0000000085a00000, 0x0000000085a00000| Untracked 
|  91|0x0000000085b00000, 0x0000000085c00000, 0x0000000085c00000|100%| O|  |TAMS 0x0000000085c00000, 0x0000000085b00000| Untracked 
|  92|0x0000000085c00000, 0x0000000085c00000, 0x0000000085d00000|  0%| F|  |TAMS 0x0000000085c00000, 0x0000000085c00000| Untracked 
|  93|0x0000000085d00000, 0x0000000085e00000, 0x0000000085e00000|100%| O|  |TAMS 0x0000000085e00000, 0x0000000085d00000| Untracked 
|  94|0x0000000085e00000, 0x0000000085f00000, 0x0000000085f00000|100%| O|  |TAMS 0x0000000085f00000, 0x0000000085e00000| Untracked 
|  95|0x0000000085f00000, 0x0000000086000000, 0x0000000086000000|100%| O|  |TAMS 0x0000000086000000, 0x0000000085f00000| Complete 
|  96|0x0000000086000000, 0x0000000086000000, 0x0000000086100000|  0%| F|  |TAMS 0x0000000086000000, 0x0000000086000000| Untracked 
|  97|0x0000000086100000, 0x0000000086100000, 0x0000000086200000|  0%| F|  |TAMS 0x0000000086100000, 0x0000000086100000| Untracked 
|  98|0x0000000086200000, 0x0000000086300000, 0x0000000086300000|100%| O|  |TAMS 0x0000000086300000, 0x0000000086200000| Complete 
|  99|0x0000000086300000, 0x0000000086300000, 0x0000000086400000|  0%| F|  |TAMS 0x0000000086300000, 0x0000000086300000| Untracked 
| 100|0x0000000086400000, 0x0000000086400000, 0x0000000086500000|  0%| F|  |TAMS 0x0000000086400000, 0x0000000086400000| Untracked 
| 101|0x0000000086500000, 0x0000000086500000, 0x0000000086600000|  0%| F|  |TAMS 0x0000000086500000, 0x0000000086500000| Untracked 
| 102|0x0000000086600000, 0x0000000086700000, 0x0000000086700000|100%| O|  |TAMS 0x0000000086700000, 0x0000000086600000| Complete 
| 103|0x0000000086700000, 0x0000000086800000, 0x0000000086800000|100%| O|  |TAMS 0x0000000086800000, 0x0000000086700000| Complete 
| 104|0x0000000086800000, 0x0000000086900000, 0x0000000086900000|100%| O|  |TAMS 0x0000000086900000, 0x0000000086800000| Untracked 
| 105|0x0000000086900000, 0x0000000086a00000, 0x0000000086a00000|100%| O|  |TAMS 0x0000000086a00000, 0x0000000086900000| Complete 
| 106|0x0000000086a00000, 0x0000000086b00000, 0x0000000086b00000|100%| O|  |TAMS 0x0000000086b00000, 0x0000000086a00000| Untracked 
| 107|0x0000000086b00000, 0x0000000086b00000, 0x0000000086c00000|  0%| F|  |TAMS 0x0000000086b00000, 0x0000000086b00000| Untracked 
| 108|0x0000000086c00000, 0x0000000086c00000, 0x0000000086d00000|  0%| F|  |TAMS 0x0000000086c00000, 0x0000000086c00000| Untracked 
| 109|0x0000000086d00000, 0x0000000086d00000, 0x0000000086e00000|  0%| F|  |TAMS 0x0000000086d00000, 0x0000000086d00000| Untracked 
| 110|0x0000000086e00000, 0x0000000086e00000, 0x0000000086f00000|  0%| F|  |TAMS 0x0000000086e00000, 0x0000000086e00000| Untracked 
| 111|0x0000000086f00000, 0x0000000087000000, 0x0000000087000000|100%| O|  |TAMS 0x0000000087000000, 0x0000000086f00000| Complete 
| 112|0x0000000087000000, 0x0000000087100000, 0x0000000087100000|100%| O|  |TAMS 0x0000000087100000, 0x0000000087000000| Complete 
| 113|0x0000000087100000, 0x0000000087200000, 0x0000000087200000|100%| O|  |TAMS 0x0000000087200000, 0x0000000087100000| Complete 
| 114|0x0000000087200000, 0x0000000087300000, 0x0000000087300000|100%| O|  |TAMS 0x0000000087300000, 0x0000000087200000| Complete 
| 115|0x0000000087300000, 0x0000000087400000, 0x0000000087400000|100%| O|  |TAMS 0x0000000087400000, 0x0000000087300000| Complete 
| 116|0x0000000087400000, 0x0000000087500000, 0x0000000087500000|100%| O|  |TAMS 0x0000000087500000, 0x0000000087400000| Complete 
| 117|0x0000000087500000, 0x0000000087600000, 0x0000000087600000|100%| O|  |TAMS 0x0000000087600000, 0x0000000087500000| Complete 
| 118|0x0000000087600000, 0x0000000087700000, 0x0000000087700000|100%| O|  |TAMS 0x0000000087700000, 0x0000000087600000| Complete 
| 119|0x0000000087700000, 0x0000000087800000, 0x0000000087800000|100%| O|  |TAMS 0x0000000087800000, 0x0000000087700000| Complete 
| 120|0x0000000087800000, 0x0000000087900000, 0x0000000087900000|100%| O|  |TAMS 0x0000000087900000, 0x0000000087800000| Complete 
| 121|0x0000000087900000, 0x0000000087a00000, 0x0000000087a00000|100%| O|  |TAMS 0x0000000087a00000, 0x0000000087900000| Complete 
| 122|0x0000000087a00000, 0x0000000087b00000, 0x0000000087b00000|100%| O|  |TAMS 0x0000000087b00000, 0x0000000087a00000| Complete 
| 123|0x0000000087b00000, 0x0000000087c00000, 0x0000000087c00000|100%| O|  |TAMS 0x0000000087c00000, 0x0000000087b00000| Complete 
| 124|0x0000000087c00000, 0x0000000087d00000, 0x0000000087d00000|100%| O|  |TAMS 0x0000000087d00000, 0x0000000087c00000| Complete 
| 125|0x0000000087d00000, 0x0000000087e00000, 0x0000000087e00000|100%| O|  |TAMS 0x0000000087e00000, 0x0000000087d00000| Untracked 
| 126|0x0000000087e00000, 0x0000000087f00000, 0x0000000087f00000|100%| O|  |TAMS 0x0000000087f00000, 0x0000000087e00000| Untracked 
| 127|0x0000000087f00000, 0x0000000088000000, 0x0000000088000000|100%| O|  |TAMS 0x0000000088000000, 0x0000000087f00000| Untracked 
| 128|0x0000000088000000, 0x0000000088100000, 0x0000000088100000|100%| O|  |TAMS 0x0000000088100000, 0x0000000088000000| Complete 
| 129|0x0000000088100000, 0x0000000088200000, 0x0000000088200000|100%| O|  |TAMS 0x0000000088200000, 0x0000000088100000| Complete 
| 130|0x0000000088200000, 0x0000000088300000, 0x0000000088300000|100%| O|  |TAMS 0x0000000088300000, 0x0000000088200000| Untracked 
| 131|0x0000000088300000, 0x0000000088400000, 0x0000000088400000|100%| O|  |TAMS 0x0000000088400000, 0x0000000088300000| Untracked 
| 132|0x0000000088400000, 0x0000000088500000, 0x0000000088500000|100%| O|  |TAMS 0x0000000088500000, 0x0000000088400000| Untracked 
| 133|0x0000000088500000, 0x0000000088600000, 0x0000000088600000|100%| O|  |TAMS 0x0000000088600000, 0x0000000088500000| Complete 
| 134|0x0000000088600000, 0x0000000088700000, 0x0000000088700000|100%| O|  |TAMS 0x0000000088700000, 0x0000000088600000| Untracked 
| 135|0x0000000088700000, 0x0000000088800000, 0x0000000088800000|100%| O|  |TAMS 0x0000000088800000, 0x0000000088700000| Complete 
| 136|0x0000000088800000, 0x0000000088900000, 0x0000000088900000|100%| O|  |TAMS 0x0000000088900000, 0x0000000088800000| Complete 
| 137|0x0000000088900000, 0x0000000088900000, 0x0000000088a00000|  0%| F|  |TAMS 0x0000000088900000, 0x0000000088900000| Untracked 
| 138|0x0000000088a00000, 0x0000000088a00000, 0x0000000088b00000|  0%| F|  |TAMS 0x0000000088a00000, 0x0000000088a00000| Untracked 
| 139|0x0000000088b00000, 0x0000000088b00000, 0x0000000088c00000|  0%| F|  |TAMS 0x0000000088b00000, 0x0000000088b00000| Untracked 
| 140|0x0000000088c00000, 0x0000000088c00000, 0x0000000088d00000|  0%| F|  |TAMS 0x0000000088c00000, 0x0000000088c00000| Untracked 
| 141|0x0000000088d00000, 0x0000000088d00000, 0x0000000088e00000|  0%| F|  |TAMS 0x0000000088d00000, 0x0000000088d00000| Untracked 
| 142|0x0000000088e00000, 0x0000000088e00000, 0x0000000088f00000|  0%| F|  |TAMS 0x0000000088e00000, 0x0000000088e00000| Untracked 
| 143|0x0000000088f00000, 0x0000000088f00000, 0x0000000089000000|  0%| F|  |TAMS 0x0000000088f00000, 0x0000000088f00000| Untracked 
| 144|0x0000000089000000, 0x0000000089000000, 0x0000000089100000|  0%| F|  |TAMS 0x0000000089000000, 0x0000000089000000| Untracked 
| 145|0x0000000089100000, 0x0000000089100000, 0x0000000089200000|  0%| F|  |TAMS 0x0000000089100000, 0x0000000089100000| Untracked 
| 146|0x0000000089200000, 0x0000000089200000, 0x0000000089300000|  0%| F|  |TAMS 0x0000000089200000, 0x0000000089200000| Untracked 
| 147|0x0000000089300000, 0x0000000089300000, 0x0000000089400000|  0%| F|  |TAMS 0x0000000089300000, 0x0000000089300000| Untracked 
| 148|0x0000000089400000, 0x0000000089400000, 0x0000000089500000|  0%| F|  |TAMS 0x0000000089400000, 0x0000000089400000| Untracked 
| 149|0x0000000089500000, 0x0000000089500000, 0x0000000089600000|  0%| F|  |TAMS 0x0000000089500000, 0x0000000089500000| Untracked 
| 150|0x0000000089600000, 0x0000000089600000, 0x0000000089700000|  0%| F|  |TAMS 0x0000000089600000, 0x0000000089600000| Untracked 
| 151|0x0000000089700000, 0x0000000089700000, 0x0000000089800000|  0%| F|  |TAMS 0x0000000089700000, 0x0000000089700000| Untracked 
| 152|0x0000000089800000, 0x0000000089800000, 0x0000000089900000|  0%| F|  |TAMS 0x0000000089800000, 0x0000000089800000| Untracked 
| 153|0x0000000089900000, 0x0000000089900000, 0x0000000089a00000|  0%| F|  |TAMS 0x0000000089900000, 0x0000000089900000| Untracked 
| 154|0x0000000089a00000, 0x0000000089a00000, 0x0000000089b00000|  0%| F|  |TAMS 0x0000000089a00000, 0x0000000089a00000| Untracked 
| 155|0x0000000089b00000, 0x0000000089c00000, 0x0000000089c00000|100%| S|CS|TAMS 0x0000000089b00000, 0x0000000089b00000| Complete 
| 156|0x0000000089c00000, 0x0000000089d00000, 0x0000000089d00000|100%| S|CS|TAMS 0x0000000089c00000, 0x0000000089c00000| Complete 
| 157|0x0000000089d00000, 0x0000000089e00000, 0x0000000089e00000|100%| S|CS|TAMS 0x0000000089d00000, 0x0000000089d00000| Complete 
| 158|0x0000000089e00000, 0x0000000089f00000, 0x0000000089f00000|100%| S|CS|TAMS 0x0000000089e00000, 0x0000000089e00000| Complete 
| 159|0x0000000089f00000, 0x000000008a000000, 0x000000008a000000|100%| S|CS|TAMS 0x0000000089f00000, 0x0000000089f00000| Complete 
| 160|0x000000008a000000, 0x000000008a100000, 0x000000008a100000|100%| S|CS|TAMS 0x000000008a000000, 0x000000008a000000| Complete 
| 161|0x000000008a100000, 0x000000008a100000, 0x000000008a200000|  0%| F|  |TAMS 0x000000008a100000, 0x000000008a100000| Untracked 
| 162|0x000000008a200000, 0x000000008a200000, 0x000000008a300000|  0%| F|  |TAMS 0x000000008a200000, 0x000000008a200000| Untracked 
| 163|0x000000008a300000, 0x000000008a300000, 0x000000008a400000|  0%| F|  |TAMS 0x000000008a300000, 0x000000008a300000| Untracked 
| 164|0x000000008a400000, 0x000000008a400000, 0x000000008a500000|  0%| F|  |TAMS 0x000000008a400000, 0x000000008a400000| Untracked 
| 165|0x000000008a500000, 0x000000008a500000, 0x000000008a600000|  0%| F|  |TAMS 0x000000008a500000, 0x000000008a500000| Untracked 
| 166|0x000000008a600000, 0x000000008a600000, 0x000000008a700000|  0%| F|  |TAMS 0x000000008a600000, 0x000000008a600000| Untracked 
| 167|0x000000008a700000, 0x000000008a700000, 0x000000008a800000|  0%| F|  |TAMS 0x000000008a700000, 0x000000008a700000| Untracked 
| 168|0x000000008a800000, 0x000000008a800000, 0x000000008a900000|  0%| F|  |TAMS 0x000000008a800000, 0x000000008a800000| Untracked 
| 169|0x000000008a900000, 0x000000008a900000, 0x000000008aa00000|  0%| F|  |TAMS 0x000000008a900000, 0x000000008a900000| Untracked 
| 170|0x000000008aa00000, 0x000000008aa00000, 0x000000008ab00000|  0%| F|  |TAMS 0x000000008aa00000, 0x000000008aa00000| Untracked 
| 171|0x000000008ab00000, 0x000000008ab00000, 0x000000008ac00000|  0%| F|  |TAMS 0x000000008ab00000, 0x000000008ab00000| Untracked 
| 172|0x000000008ac00000, 0x000000008ac00000, 0x000000008ad00000|  0%| F|  |TAMS 0x000000008ac00000, 0x000000008ac00000| Untracked 
| 173|0x000000008ad00000, 0x000000008ad00000, 0x000000008ae00000|  0%| F|  |TAMS 0x000000008ad00000, 0x000000008ad00000| Untracked 
| 174|0x000000008ae00000, 0x000000008ae00000, 0x000000008af00000|  0%| F|  |TAMS 0x000000008ae00000, 0x000000008ae00000| Untracked 
| 175|0x000000008af00000, 0x000000008af00000, 0x000000008b000000|  0%| F|  |TAMS 0x000000008af00000, 0x000000008af00000| Untracked 
| 176|0x000000008b000000, 0x000000008b000000, 0x000000008b100000|  0%| F|  |TAMS 0x000000008b000000, 0x000000008b000000| Untracked 
| 177|0x000000008b100000, 0x000000008b100000, 0x000000008b200000|  0%| F|  |TAMS 0x000000008b100000, 0x000000008b100000| Untracked 
| 178|0x000000008b200000, 0x000000008b200000, 0x000000008b300000|  0%| F|  |TAMS 0x000000008b200000, 0x000000008b200000| Untracked 
| 179|0x000000008b300000, 0x000000008b300000, 0x000000008b400000|  0%| F|  |TAMS 0x000000008b300000, 0x000000008b300000| Untracked 
| 180|0x000000008b400000, 0x000000008b400000, 0x000000008b500000|  0%| F|  |TAMS 0x000000008b400000, 0x000000008b400000| Untracked 
| 181|0x000000008b500000, 0x000000008b500000, 0x000000008b600000|  0%| F|  |TAMS 0x000000008b500000, 0x000000008b500000| Untracked 
| 182|0x000000008b600000, 0x000000008b600000, 0x000000008b700000|  0%| F|  |TAMS 0x000000008b600000, 0x000000008b600000| Untracked 
| 183|0x000000008b700000, 0x000000008b700000, 0x000000008b800000|  0%| F|  |TAMS 0x000000008b700000, 0x000000008b700000| Untracked 
| 184|0x000000008b800000, 0x000000008b800000, 0x000000008b900000|  0%| F|  |TAMS 0x000000008b800000, 0x000000008b800000| Untracked 
| 185|0x000000008b900000, 0x000000008b900000, 0x000000008ba00000|  0%| F|  |TAMS 0x000000008b900000, 0x000000008b900000| Untracked 
| 186|0x000000008ba00000, 0x000000008ba00000, 0x000000008bb00000|  0%| F|  |TAMS 0x000000008ba00000, 0x000000008ba00000| Untracked 
| 187|0x000000008bb00000, 0x000000008bb00000, 0x000000008bc00000|  0%| F|  |TAMS 0x000000008bb00000, 0x000000008bb00000| Untracked 
| 188|0x000000008bc00000, 0x000000008bc00000, 0x000000008bd00000|  0%| F|  |TAMS 0x000000008bc00000, 0x000000008bc00000| Untracked 
| 189|0x000000008bd00000, 0x000000008bd00000, 0x000000008be00000|  0%| F|  |TAMS 0x000000008bd00000, 0x000000008bd00000| Untracked 
| 190|0x000000008be00000, 0x000000008be00000, 0x000000008bf00000|  0%| F|  |TAMS 0x000000008be00000, 0x000000008be00000| Untracked 
| 191|0x000000008bf00000, 0x000000008bf00000, 0x000000008c000000|  0%| F|  |TAMS 0x000000008bf00000, 0x000000008bf00000| Untracked 
| 192|0x000000008c000000, 0x000000008c000000, 0x000000008c100000|  0%| F|  |TAMS 0x000000008c000000, 0x000000008c000000| Untracked 
| 193|0x000000008c100000, 0x000000008c100000, 0x000000008c200000|  0%| F|  |TAMS 0x000000008c100000, 0x000000008c100000| Untracked 
| 194|0x000000008c200000, 0x000000008c200000, 0x000000008c300000|  0%| F|  |TAMS 0x000000008c200000, 0x000000008c200000| Untracked 
| 195|0x000000008c300000, 0x000000008c300000, 0x000000008c400000|  0%| F|  |TAMS 0x000000008c300000, 0x000000008c300000| Untracked 
| 196|0x000000008c400000, 0x000000008c400000, 0x000000008c500000|  0%| F|  |TAMS 0x000000008c400000, 0x000000008c400000| Untracked 
| 197|0x000000008c500000, 0x000000008c500000, 0x000000008c600000|  0%| F|  |TAMS 0x000000008c500000, 0x000000008c500000| Untracked 
| 198|0x000000008c600000, 0x000000008c600000, 0x000000008c700000|  0%| F|  |TAMS 0x000000008c600000, 0x000000008c600000| Untracked 
| 199|0x000000008c700000, 0x000000008c700000, 0x000000008c800000|  0%| F|  |TAMS 0x000000008c700000, 0x000000008c700000| Untracked 
| 200|0x000000008c800000, 0x000000008c800000, 0x000000008c900000|  0%| F|  |TAMS 0x000000008c800000, 0x000000008c800000| Untracked 
| 201|0x000000008c900000, 0x000000008c900000, 0x000000008ca00000|  0%| F|  |TAMS 0x000000008c900000, 0x000000008c900000| Untracked 
| 202|0x000000008ca00000, 0x000000008ca00000, 0x000000008cb00000|  0%| F|  |TAMS 0x000000008ca00000, 0x000000008ca00000| Untracked 
| 203|0x000000008cb00000, 0x000000008cb00000, 0x000000008cc00000|  0%| F|  |TAMS 0x000000008cb00000, 0x000000008cb00000| Untracked 
| 204|0x000000008cc00000, 0x000000008cc00000, 0x000000008cd00000|  0%| F|  |TAMS 0x000000008cc00000, 0x000000008cc00000| Untracked 
| 205|0x000000008cd00000, 0x000000008cd00000, 0x000000008ce00000|  0%| F|  |TAMS 0x000000008cd00000, 0x000000008cd00000| Untracked 
| 206|0x000000008ce00000, 0x000000008ce00000, 0x000000008cf00000|  0%| F|  |TAMS 0x000000008ce00000, 0x000000008ce00000| Untracked 
| 207|0x000000008cf00000, 0x000000008cf00000, 0x000000008d000000|  0%| F|  |TAMS 0x000000008cf00000, 0x000000008cf00000| Untracked 
| 208|0x000000008d000000, 0x000000008d000000, 0x000000008d100000|  0%| F|  |TAMS 0x000000008d000000, 0x000000008d000000| Untracked 
| 209|0x000000008d100000, 0x000000008d1204b8, 0x000000008d200000| 12%| E|  |TAMS 0x000000008d100000, 0x000000008d100000| Complete 
| 210|0x000000008d200000, 0x000000008d300000, 0x000000008d300000|100%| E|CS|TAMS 0x000000008d200000, 0x000000008d200000| Complete 
| 211|0x000000008d300000, 0x000000008d400000, 0x000000008d400000|100%| E|CS|TAMS 0x000000008d300000, 0x000000008d300000| Complete 
| 212|0x000000008d400000, 0x000000008d500000, 0x000000008d500000|100%| E|CS|TAMS 0x000000008d400000, 0x000000008d400000| Complete 
| 213|0x000000008d500000, 0x000000008d600000, 0x000000008d600000|100%| E|CS|TAMS 0x000000008d500000, 0x000000008d500000| Complete 
| 214|0x000000008d600000, 0x000000008d700000, 0x000000008d700000|100%| E|CS|TAMS 0x000000008d600000, 0x000000008d600000| Complete 
| 215|0x000000008d700000, 0x000000008d800000, 0x000000008d800000|100%| E|CS|TAMS 0x000000008d700000, 0x000000008d700000| Complete 
| 216|0x000000008d800000, 0x000000008d900000, 0x000000008d900000|100%| E|CS|TAMS 0x000000008d800000, 0x000000008d800000| Complete 
| 217|0x000000008d900000, 0x000000008da00000, 0x000000008da00000|100%| E|CS|TAMS 0x000000008d900000, 0x000000008d900000| Complete 
| 218|0x000000008da00000, 0x000000008db00000, 0x000000008db00000|100%| E|CS|TAMS 0x000000008da00000, 0x000000008da00000| Complete 
| 219|0x000000008db00000, 0x000000008dc00000, 0x000000008dc00000|100%| E|CS|TAMS 0x000000008db00000, 0x000000008db00000| Complete 
| 220|0x000000008dc00000, 0x000000008dd00000, 0x000000008dd00000|100%| E|CS|TAMS 0x000000008dc00000, 0x000000008dc00000| Complete 
| 221|0x000000008dd00000, 0x000000008de00000, 0x000000008de00000|100%| E|CS|TAMS 0x000000008dd00000, 0x000000008dd00000| Complete 

Card table byte_map: [0x000001bf58600000,0x000001bf58a00000] _byte_map_base: 0x000001bf58200000

Marking Bits (Prev, Next): (CMBitMap*) 0x000001bf4572f0a8, (CMBitMap*) 0x000001bf4572f0e0
 Prev Bits: [0x000001bf58e00000, 0x000001bf5ae00000)
 Next Bits: [0x000001bf5ae00000, 0x000001bf5ce00000)

Polling page: 0x000001bf436a0000

Metaspace:

Usage:
  Non-class:     94.76 MB capacity,    92.88 MB ( 98%) used,     1.58 MB (  2%) free+waste,   308.88 KB ( <1%) overhead. 
      Class:     14.49 MB capacity,    13.46 MB ( 93%) used,   913.88 KB (  6%) free+waste,   136.94 KB ( <1%) overhead. 
       Both:    109.25 MB capacity,   106.34 MB ( 97%) used,     2.48 MB (  2%) free+waste,   445.81 KB ( <1%) overhead. 

Virtual space:
  Non-class space:       96.00 MB reserved,      95.00 MB ( 99%) committed 
      Class space:        1.00 GB reserved,      14.57 MB (  1%) committed 
             Both:        1.09 GB reserved,     109.57 MB ( 10%) committed 

Chunk freelists:
   Non-Class:  177.00 KB
       Class:  57.00 KB
        Both:  234.00 KB

MaxMetaspaceSize: 17179869184.00 GB
CompressedClassSpaceSize: 1.00 GB
Initial GC threshold: 20.80 MB
Current GC threshold: 182.63 MB
CDS: off

CodeHeap 'non-profiled nmethods': size=120064Kb used=11326Kb max_used=11326Kb free=108737Kb
 bounds [0x000001bf50cc0000, 0x000001bf517d0000, 0x000001bf58200000]
CodeHeap 'profiled nmethods': size=120000Kb used=36075Kb max_used=36075Kb free=83925Kb
 bounds [0x000001bf49790000, 0x000001bf4bad0000, 0x000001bf50cc0000]
CodeHeap 'non-nmethods': size=5696Kb used=2442Kb max_used=2511Kb free=3253Kb
 bounds [0x000001bf49200000, 0x000001bf49480000, 0x000001bf49790000]
 total_blobs=16927 nmethods=15954 adapters=885
 compilation: enabled
              stopped_count=0, restarted_count=0
 full_count=0

Compilation events (20 events):
Event: 7532.390 Thread 0x000001bf5f309000 16175       1       org.gradle.api.internal.artifacts.transform.CacheableInvocation$2::invoke (5 bytes)
Event: 7532.390 Thread 0x000001bf5f309000 nmethod 16175 0x000001bf517ca810 code [0x000001bf517ca9c0, 0x000001bf517caa78]
Event: 7532.391 Thread 0x000001bf5f309000 16176       3       org.gradle.api.internal.artifacts.transform.DefaultTransformerInvocationFactory$AbstractTransformerExecution::<init> (59 bytes)
Event: 7532.392 Thread 0x000001bf5f309000 nmethod 16176 0x000001bf4bac8090 code [0x000001bf4bac82a0, 0x000001bf4bac8af8]
Event: 7532.394 Thread 0x000001bf5f309000 16177       3       org.gradle.api.internal.artifacts.transform.DefaultTransformerInvocationFactory$AbstractTransformerExecution::visitIdentityInputs (78 bytes)
Event: 7532.395 Thread 0x000001bf5f309000 nmethod 16177 0x000001bf4bac8d10 code [0x000001bf4bac9000, 0x000001bf4baca178]
Event: 7532.424 Thread 0x000001bf5f309000 16179       3       sun.net.www.ParseUtil::match (50 bytes)
Event: 7532.424 Thread 0x000001bf5f309000 nmethod 16179 0x000001bf4baca710 code [0x000001bf4baca8c0, 0x000001bf4bacab38]
Event: 7532.448 Thread 0x000001bf5f308000 nmethod 16168 0x000001bf517cab10 code [0x000001bf517cad40, 0x000001bf517cbf28]
Event: 7532.448 Thread 0x000001bf5f308000 16174 %     4       java.util.TimSort::binarySort @ 32 (223 bytes)
Event: 7532.463 Thread 0x000001bf5f308000 nmethod 16174% 0x000001bf517cce10 code [0x000001bf517ccfc0, 0x000001bf517cdab8]
Event: 7532.463 Thread 0x000001bf5f308000 16178       4       org.gradle.internal.vfs.impl.DefaultFileSystemAccess::readSnapshotFromLocation (27 bytes)
Event: 7532.474 Thread 0x000001bf5f308000 nmethod 16178 0x000001bf517cdf10 code [0x000001bf517ce100, 0x000001bf517ce418]
Event: 7532.916 Thread 0x000001bf5f309000 16180       1       org.apache.http.HttpHost::getHostName (5 bytes)
Event: 7532.916 Thread 0x000001bf5f309000 nmethod 16180 0x000001bf517ce810 code [0x000001bf517ce9c0, 0x000001bf517cea78]
Event: 7532.918 Thread 0x000001bf5f308000 16181       4       sun.security.util.AlgorithmDecomposer::decomposeImpl (128 bytes)
Event: 7532.928 Thread 0x000001bf5f308000 nmethod 16181 0x000001bf517ceb10 code [0x000001bf517ced00, 0x000001bf517cf128]
Event: 7532.928 Thread 0x000001bf5f308000 16182       4       java.util.HashMap::remove (26 bytes)
Event: 7532.930 Thread 0x000001bf5f308000 nmethod 16182 0x000001bf517cf590 code [0x000001bf517cf740, 0x000001bf517cf868]
Event: 7532.930 Thread 0x000001bf5f308000 16183       4       sun.security.util.AlgorithmDecomposer::decompose (336 bytes)

GC Heap History (20 events):
Event: 4813.572 GC heap before
{Heap before GC invocations=28 (full 0):
 garbage-first heap   total 227328K, used 182948K [0x0000000080000000, 0x0000000100000000)
  region size 1024K, 71 young (72704K), 7 survivors (7168K)
 Metaspace       used 95114K, capacity 97700K, committed 97996K, reserved 1134592K
  class space    used 12182K, capacity 13173K, committed 13260K, reserved 1048576K
}
Event: 4813.650 GC heap after
{Heap after GC invocations=29 (full 0):
 garbage-first heap   total 227328K, used 117856K [0x0000000080000000, 0x0000000100000000)
  region size 1024K, 4 young (4096K), 4 survivors (4096K)
 Metaspace       used 95114K, capacity 97700K, committed 97996K, reserved 1134592K
  class space    used 12182K, capacity 13173K, committed 13260K, reserved 1048576K
}
Event: 5747.774 GC heap before
{Heap before GC invocations=30 (full 0):
 garbage-first heap   total 227328K, used 184416K [0x0000000080000000, 0x0000000100000000)
  region size 1024K, 70 young (71680K), 4 survivors (4096K)
 Metaspace       used 96849K, capacity 99329K, committed 99788K, reserved 1136640K
  class space    used 12442K, capacity 13367K, committed 13516K, reserved 1048576K
}
Event: 5747.897 GC heap after
{Heap after GC invocations=31 (full 0):
 garbage-first heap   total 227328K, used 120811K [0x0000000080000000, 0x0000000100000000)
  region size 1024K, 7 young (7168K), 7 survivors (7168K)
 Metaspace       used 96849K, capacity 99329K, committed 99788K, reserved 1136640K
  class space    used 12442K, capacity 13367K, committed 13516K, reserved 1048576K
}
Event: 5748.077 GC heap before
{Heap before GC invocations=31 (full 0):
 garbage-first heap   total 227328K, used 124907K [0x0000000080000000, 0x0000000100000000)
  region size 1024K, 11 young (11264K), 7 survivors (7168K)
 Metaspace       used 97462K, capacity 99969K, committed 100428K, reserved 1136640K
  class space    used 12550K, capacity 13495K, committed 13644K, reserved 1048576K
}
Event: 5748.125 GC heap after
{Heap after GC invocations=32 (full 0):
 garbage-first heap   total 227328K, used 120861K [0x0000000080000000, 0x0000000100000000)
  region size 1024K, 2 young (2048K), 2 survivors (2048K)
 Metaspace       used 97462K, capacity 99969K, committed 100428K, reserved 1136640K
  class space    used 12550K, capacity 13495K, committed 13644K, reserved 1048576K
}
Event: 5753.314 GC heap before
{Heap before GC invocations=32 (full 0):
 garbage-first heap   total 227328K, used 186397K [0x0000000080000000, 0x0000000100000000)
  region size 1024K, 66 young (67584K), 2 survivors (2048K)
 Metaspace       used 100747K, capacity 103625K, committed 103884K, reserved 1138688K
  class space    used 12881K, capacity 13917K, committed 14028K, reserved 1048576K
}
Event: 5753.344 GC heap after
{Heap after GC invocations=33 (full 0):
 garbage-first heap   total 227328K, used 125523K [0x0000000080000000, 0x0000000100000000)
  region size 1024K, 6 young (6144K), 6 survivors (6144K)
 Metaspace       used 100747K, capacity 103625K, committed 103884K, reserved 1138688K
  class space    used 12881K, capacity 13917K, committed 14028K, reserved 1048576K
}
Event: 5767.570 GC heap before
{Heap before GC invocations=34 (full 0):
 garbage-first heap   total 227328K, used 187987K [0x0000000080000000, 0x0000000100000000)
  region size 1024K, 67 young (68608K), 6 survivors (6144K)
 Metaspace       used 107096K, capacity 109887K, committed 110284K, reserved 1144832K
  class space    used 13643K, capacity 14649K, committed 14796K, reserved 1048576K
}
Event: 5767.638 GC heap after
{Heap after GC invocations=35 (full 0):
 garbage-first heap   total 227328K, used 131006K [0x0000000080000000, 0x0000000100000000)
  region size 1024K, 6 young (6144K), 6 survivors (6144K)
 Metaspace       used 107096K, capacity 109887K, committed 110284K, reserved 1144832K
  class space    used 13643K, capacity 14649K, committed 14796K, reserved 1048576K
}
Event: 5769.195 GC heap before
{Heap before GC invocations=35 (full 0):
 garbage-first heap   total 227328K, used 136126K [0x0000000080000000, 0x0000000100000000)
  region size 1024K, 11 young (11264K), 6 survivors (6144K)
 Metaspace       used 107146K, capacity 109890K, committed 110284K, reserved 1144832K
  class space    used 13646K, capacity 14650K, committed 14796K, reserved 1048576K
}
Event: 5769.320 GC heap after
{Heap after GC invocations=36 (full 0):
 garbage-first heap   total 227328K, used 122590K [0x0000000080000000, 0x0000000100000000)
  region size 1024K, 2 young (2048K), 2 survivors (2048K)
 Metaspace       used 107146K, capacity 109890K, committed 110284K, reserved 1144832K
  class space    used 13646K, capacity 14650K, committed 14796K, reserved 1048576K
}
Event: 5782.512 GC heap before
{Heap before GC invocations=36 (full 0):
 garbage-first heap   total 227328K, used 184030K [0x0000000080000000, 0x0000000100000000)
  region size 1024K, 63 young (64512K), 2 survivors (2048K)
 Metaspace       used 107789K, capacity 110610K, committed 110796K, reserved 1144832K
  class space    used 13727K, capacity 14738K, committed 14796K, reserved 1048576K
}
Event: 5782.534 GC heap after
{Heap after GC invocations=37 (full 0):
 garbage-first heap   total 227328K, used 125763K [0x0000000080000000, 0x0000000100000000)
  region size 1024K, 5 young (5120K), 5 survivors (5120K)
 Metaspace       used 107789K, capacity 110610K, committed 110796K, reserved 1144832K
  class space    used 13727K, capacity 14738K, committed 14796K, reserved 1048576K
}
Event: 7515.377 GC heap before
{Heap before GC invocations=38 (full 0):
 garbage-first heap   total 227328K, used 187203K [0x0000000080000000, 0x0000000100000000)
  region size 1024K, 65 young (66560K), 5 survivors (5120K)
 Metaspace       used 108348K, capacity 111294K, committed 111308K, reserved 1146880K
  class space    used 13767K, capacity 14782K, committed 14796K, reserved 1048576K
}
Event: 7515.662 GC heap after
{Heap after GC invocations=39 (full 0):
 garbage-first heap   total 227328K, used 127993K [0x0000000080000000, 0x0000000100000000)
  region size 1024K, 7 young (7168K), 7 survivors (7168K)
 Metaspace       used 108348K, capacity 111294K, committed 111308K, reserved 1146880K
  class space    used 13767K, capacity 14782K, committed 14796K, reserved 1048576K
}
Event: 7516.033 GC heap before
{Heap before GC invocations=39 (full 0):
 garbage-first heap   total 227328K, used 131065K [0x0000000080000000, 0x0000000100000000)
  region size 1024K, 11 young (11264K), 7 survivors (7168K)
 Metaspace       used 108351K, capacity 111294K, committed 111308K, reserved 1146880K
  class space    used 13767K, capacity 14782K, committed 14796K, reserved 1048576K
}
Event: 7516.164 GC heap after
{Heap after GC invocations=40 (full 0):
 garbage-first heap   total 227328K, used 127172K [0x0000000080000000, 0x0000000100000000)
  region size 1024K, 1 young (1024K), 1 survivors (1024K)
 Metaspace       used 108351K, capacity 111294K, committed 111308K, reserved 1146880K
  class space    used 13767K, capacity 14782K, committed 14796K, reserved 1048576K
}
Event: 7529.560 GC heap before
{Heap before GC invocations=40 (full 0):
 garbage-first heap   total 227328K, used 188612K [0x0000000080000000, 0x0000000100000000)
  region size 1024K, 61 young (62464K), 1 survivors (1024K)
 Metaspace       used 108912K, capacity 111995K, committed 112204K, reserved 1146880K
  class space    used 13809K, capacity 14894K, committed 14924K, reserved 1048576K
}
Event: 7529.620 GC heap after
{Heap after GC invocations=41 (full 0):
 garbage-first heap   total 227328K, used 132292K [0x0000000080000000, 0x0000000100000000)
  region size 1024K, 6 young (6144K), 6 survivors (6144K)
 Metaspace       used 108912K, capacity 111995K, committed 112204K, reserved 1146880K
  class space    used 13809K, capacity 14894K, committed 14924K, reserved 1048576K
}

Deoptimization events (20 events):
Event: 7527.946 Thread 0x000001bf6208f800 Uncommon trap: trap_request=0xffffffc6 fr.pc=0x000001bf5169aea8 relative=0x0000000000001728
Event: 7527.946 Thread 0x000001bf6208f800 Uncommon trap: reason=bimorphic_or_optimized_type_check action=maybe_recompile pc=0x000001bf5169aea8 method=org.gradle.api.internal.attributes.DefaultImmutableAttributes.equals(Ljava/lang/Object;)Z @ 92 c2
Event: 7527.946 Thread 0x000001bf6208f800 DEOPT PACKING pc=0x000001bf5169aea8 sp=0x0000009eec6f85f0
Event: 7527.946 Thread 0x000001bf6208f800 DEOPT UNPACKING pc=0x000001bf4924a1af sp=0x0000009eec6f85b8 mode 2
Event: 7527.947 Thread 0x000001bf6208f800 Uncommon trap: trap_request=0xffffffc6 fr.pc=0x000001bf5169aea8 relative=0x0000000000001728
Event: 7527.947 Thread 0x000001bf6208f800 Uncommon trap: reason=bimorphic_or_optimized_type_check action=maybe_recompile pc=0x000001bf5169aea8 method=org.gradle.api.internal.attributes.DefaultImmutableAttributes.equals(Ljava/lang/Object;)Z @ 92 c2
Event: 7527.947 Thread 0x000001bf6208f800 DEOPT PACKING pc=0x000001bf5169aea8 sp=0x0000009eec6f85f0
Event: 7527.947 Thread 0x000001bf6208f800 DEOPT UNPACKING pc=0x000001bf4924a1af sp=0x0000009eec6f85b8 mode 2
Event: 7528.397 Thread 0x000001bf6208f800 Uncommon trap: trap_request=0xffffffc6 fr.pc=0x000001bf5169aea8 relative=0x0000000000001728
Event: 7528.397 Thread 0x000001bf6208f800 Uncommon trap: reason=bimorphic_or_optimized_type_check action=maybe_recompile pc=0x000001bf5169aea8 method=org.gradle.api.internal.attributes.DefaultImmutableAttributes.equals(Ljava/lang/Object;)Z @ 92 c2
Event: 7528.397 Thread 0x000001bf6208f800 DEOPT PACKING pc=0x000001bf5169aea8 sp=0x0000009eec6f85f0
Event: 7528.397 Thread 0x000001bf6208f800 DEOPT UNPACKING pc=0x000001bf4924a1af sp=0x0000009eec6f85b8 mode 2
Event: 7529.049 Thread 0x000001bf6208f800 DEOPT PACKING pc=0x000001bf4b570818 sp=0x0000009eec6f89d0
Event: 7529.049 Thread 0x000001bf6208f800 DEOPT UNPACKING pc=0x000001bf4924a95e sp=0x0000009eec6f7ed0 mode 0
Event: 7529.066 Thread 0x000001bf62091800 Uncommon trap: trap_request=0xffffffc6 fr.pc=0x000001bf51552208 relative=0x0000000000000b68
Event: 7529.066 Thread 0x000001bf62091800 Uncommon trap: reason=bimorphic_or_optimized_type_check action=maybe_recompile pc=0x000001bf51552208 method=com.google.common.cache.LocalCache$Segment.getLiveValue(Lcom/google/common/cache/ReferenceEntry;J)Ljava/lang/Object; @ 21 c2
Event: 7529.066 Thread 0x000001bf62091800 DEOPT PACKING pc=0x000001bf51552208 sp=0x0000009eedafcde0
Event: 7529.066 Thread 0x000001bf62091800 DEOPT UNPACKING pc=0x000001bf4924a1af sp=0x0000009eedafcd18 mode 2
Event: 7532.293 Thread 0x000001bf625bb800 DEOPT PACKING pc=0x000001bf4b6edff0 sp=0x0000009eed1fe740
Event: 7532.294 Thread 0x000001bf625bb800 DEOPT UNPACKING pc=0x000001bf4924a95e sp=0x0000009eed1fdbf8 mode 0

Classes redefined (0 events):
No events

Internal exceptions (20 events):
Event: 7514.500 Thread 0x000001bf6208f800 Exception <a 'java/lang/ClassNotFoundException'{0x000000008a998400}: sync_studio_tooling4_ae8nlv7kd69ane5zrfn3gji7cBeanInfo> (0x000000008a998400) thrown at [./src/hotspot/share/classfile/systemDictionary.cpp, line 231]
Event: 7514.501 Thread 0x000001bf6208f800 Exception <a 'java/lang/ClassNotFoundException'{0x000000008a9a55c8}: sync_studio_tooling4_ae8nlv7kd69ane5zrfn3gji7cCustomizer> (0x000000008a9a55c8) thrown at [./src/hotspot/share/classfile/systemDictionary.cpp, line 231]
Event: 7517.474 Thread 0x000001bf6208f800 Exception <a 'java/lang/ClassNotFoundException'{0x000000008d401158}: build_ctvaprsng0mk485ilr46nwybyBeanInfo> (0x000000008d401158) thrown at [./src/hotspot/share/classfile/systemDictionary.cpp, line 231]
Event: 7517.475 Thread 0x000001bf6208f800 Exception <a 'java/lang/ClassNotFoundException'{0x000000008d40cdf8}: build_ctvaprsng0mk485ilr46nwybyCustomizer> (0x000000008d40cdf8) thrown at [./src/hotspot/share/classfile/systemDictionary.cpp, line 231]
Event: 7517.799 Thread 0x000001bf6208f800 Exception <a 'sun/nio/fs/WindowsException'{0x000000008d212f98}> (0x000000008d212f98) thrown at [./src/hotspot/share/prims/jni.cpp, line 615]
Event: 7518.119 Thread 0x000001bf63655800 Exception <a 'sun/nio/fs/WindowsException'{0x000000008d0afa48}> (0x000000008d0afa48) thrown at [./src/hotspot/share/prims/jni.cpp, line 615]
Event: 7518.162 Thread 0x000001bf63655800 Exception <a 'sun/nio/fs/WindowsException'{0x000000008ce341b0}> (0x000000008ce341b0) thrown at [./src/hotspot/share/prims/jni.cpp, line 615]
Event: 7518.163 Thread 0x000001bf63655800 Exception <a 'sun/nio/fs/WindowsException'{0x000000008ce34318}> (0x000000008ce34318) thrown at [./src/hotspot/share/prims/jni.cpp, line 615]
Event: 7518.209 Thread 0x000001bf6208f800 Exception <a 'java/lang/ClassNotFoundException'{0x000000008cea0d00}: build_ctvaprsng0mk485ilr46nwybyBeanInfo> (0x000000008cea0d00) thrown at [./src/hotspot/share/classfile/systemDictionary.cpp, line 231]
Event: 7518.211 Thread 0x000001bf6208f800 Exception <a 'java/lang/ClassNotFoundException'{0x000000008ceac9a0}: build_ctvaprsng0mk485ilr46nwybyCustomizer> (0x000000008ceac9a0) thrown at [./src/hotspot/share/classfile/systemDictionary.cpp, line 231]
Event: 7518.262 Thread 0x000001bf6208f800 Exception <a 'java/lang/ClassNotFoundException'{0x000000008cd2bdf8}: build_ctvaprsng0mk485ilr46nwyby$_run_closure1$_closure4BeanInfo> (0x000000008cd2bdf8) thrown at [./src/hotspot/share/classfile/systemDictionary.cpp, line 231]
Event: 7518.264 Thread 0x000001bf6208f800 Exception <a 'java/lang/ClassNotFoundException'{0x000000008cd39fa0}: build_ctvaprsng0mk485ilr46nwyby$_run_closure1$_closure4Customizer> (0x000000008cd39fa0) thrown at [./src/hotspot/share/classfile/systemDictionary.cpp, line 231]
Event: 7518.275 Thread 0x000001bf6208f800 Exception <a 'java/lang/ClassNotFoundException'{0x000000008cd61ce8}: build_ctvaprsng0mk485ilr46nwyby$_run_closure1BeanInfo> (0x000000008cd61ce8) thrown at [./src/hotspot/share/classfile/systemDictionary.cpp, line 231]
Event: 7518.278 Thread 0x000001bf6208f800 Exception <a 'java/lang/ClassNotFoundException'{0x000000008cd6fef8}: build_ctvaprsng0mk485ilr46nwyby$_run_closure1Customizer> (0x000000008cd6fef8) thrown at [./src/hotspot/share/classfile/systemDictionary.cpp, line 231]
Event: 7518.577 Thread 0x000001bf6208f800 Exception <a 'java/lang/NoClassDefFoundError'{0x000000008ca2a9c0}: org/jetbrains/kotlin/gradle/plugin/KotlinBasePluginWrapper> (0x000000008ca2a9c0) thrown at [./src/hotspot/share/oops/constantPool.cpp, line 775]
Event: 7520.118 Thread 0x000001bf6208f800 Exception <a 'sun/nio/fs/WindowsException'{0x000000008bac8e30}> (0x000000008bac8e30) thrown at [./src/hotspot/share/prims/jni.cpp, line 615]
Event: 7520.224 Thread 0x000001bf6208f800 Exception <a 'sun/nio/fs/WindowsException'{0x000000008b96bf98}> (0x000000008b96bf98) thrown at [./src/hotspot/share/prims/jni.cpp, line 615]
Event: 7520.226 Thread 0x000001bf6208f800 Exception <a 'sun/nio/fs/WindowsException'{0x000000008b96d068}> (0x000000008b96d068) thrown at [./src/hotspot/share/prims/jni.cpp, line 615]
Event: 7520.226 Thread 0x000001bf6208f800 Exception <a 'sun/nio/fs/WindowsException'{0x000000008b96e188}> (0x000000008b96e188) thrown at [./src/hotspot/share/prims/jni.cpp, line 615]
Event: 7520.226 Thread 0x000001bf6208f800 Exception <a 'sun/nio/fs/WindowsException'{0x000000008b96f2a8}> (0x000000008b96f2a8) thrown at [./src/hotspot/share/prims/jni.cpp, line 615]

Events (20 events):
Event: 7531.853 Executing VM operation: RevokeBias
Event: 7531.853 Executing VM operation: RevokeBias done
Event: 7531.854 Executing VM operation: RevokeBias
Event: 7531.854 Executing VM operation: RevokeBias done
Event: 7531.854 Executing VM operation: RevokeBias
Event: 7531.854 Executing VM operation: RevokeBias done
Event: 7531.855 Executing VM operation: RevokeBias
Event: 7531.855 Executing VM operation: RevokeBias done
Event: 7531.855 Executing VM operation: RevokeBias
Event: 7531.856 Executing VM operation: RevokeBias done
Event: 7531.856 Executing VM operation: RevokeBias
Event: 7531.857 Executing VM operation: RevokeBias done
Event: 7531.857 Executing VM operation: RevokeBias
Event: 7531.858 Executing VM operation: RevokeBias done
Event: 7531.858 Executing VM operation: RevokeBias
Event: 7531.859 Executing VM operation: RevokeBias done
Event: 7531.859 Executing VM operation: BulkRevokeBias
Event: 7531.862 Executing VM operation: BulkRevokeBias done
Event: 7531.954 Executing VM operation: CGC_Operation
Event: 7531.955 Executing VM operation: CGC_Operation done


Dynamic libraries:
0x00007ff6135a0000 - 0x00007ff6135aa000 	C:\Program Files\Android\Android Studio\jre\bin\java.exe
0x00007ff8b09b0000 - 0x00007ff8b0ba5000 	C:\WINDOWS\SYSTEM32\ntdll.dll
0x00007ff8aed00000 - 0x00007ff8aedbd000 	C:\WINDOWS\System32\KERNEL32.DLL
0x00007ff8ae670000 - 0x00007ff8ae93d000 	C:\WINDOWS\System32\KERNELBASE.dll
0x00007ff8ae240000 - 0x00007ff8ae340000 	C:\WINDOWS\System32\ucrtbase.dll
0x00007ff896f80000 - 0x00007ff896f99000 	C:\Program Files\Android\Android Studio\jre\bin\jli.dll
0x00007ff8aee30000 - 0x00007ff8aefd0000 	C:\WINDOWS\System32\USER32.dll
0x00007ff896f60000 - 0x00007ff896f77000 	C:\Program Files\Android\Android Studio\jre\bin\VCRUNTIME140.dll
0x00007ff8ae640000 - 0x00007ff8ae662000 	C:\WINDOWS\System32\win32u.dll
0x00007ff8aeaf0000 - 0x00007ff8aeb1a000 	C:\WINDOWS\System32\GDI32.dll
0x00007ff897440000 - 0x00007ff8976da000 	C:\WINDOWS\WinSxS\amd64_microsoft.windows.common-controls_6595b64144ccf1df_6.0.19041.1110_none_60b5254171f9507e\COMCTL32.dll
0x00007ff8ae0c0000 - 0x00007ff8ae1cb000 	C:\WINDOWS\System32\gdi32full.dll
0x00007ff8afb00000 - 0x00007ff8afb9e000 	C:\WINDOWS\System32\msvcrt.dll
0x00007ff8ae3f0000 - 0x00007ff8ae48d000 	C:\WINDOWS\System32\msvcp_win.dll
0x00007ff8b02b0000 - 0x00007ff8b02e0000 	C:\WINDOWS\System32\IMM32.DLL
0x00007ff841f10000 - 0x00007ff841fad000 	C:\Program Files\Android\Android Studio\jre\bin\msvcp140.dll
0x00007ff83c220000 - 0x00007ff83cd05000 	C:\Program Files\Android\Android Studio\jre\bin\server\jvm.dll
0x00007ff8b0200000 - 0x00007ff8b02ae000 	C:\WINDOWS\System32\ADVAPI32.dll
0x00007ff8aeb80000 - 0x00007ff8aec1c000 	C:\WINDOWS\System32\sechost.dll
0x00007ff8af150000 - 0x00007ff8af275000 	C:\WINDOWS\System32\RPCRT4.dll
0x00007ff8aea00000 - 0x00007ff8aea08000 	C:\WINDOWS\System32\PSAPI.DLL
0x00007ff88dec0000 - 0x00007ff88dec9000 	C:\WINDOWS\SYSTEM32\WSOCK32.dll
0x00007ff8b0900000 - 0x00007ff8b096b000 	C:\WINDOWS\System32\WS2_32.dll
0x00007ff898060000 - 0x00007ff898087000 	C:\WINDOWS\SYSTEM32\WINMM.dll
0x00007ff89fc20000 - 0x00007ff89fc2a000 	C:\WINDOWS\SYSTEM32\VERSION.dll
0x00007ff8ac8f0000 - 0x00007ff8ac902000 	C:\WINDOWS\SYSTEM32\kernel.appcore.dll
0x00007ff897000000 - 0x00007ff897011000 	C:\Program Files\Android\Android Studio\jre\bin\verify.dll
0x00007ff8abf30000 - 0x00007ff8ac114000 	C:\WINDOWS\SYSTEM32\DBGHELP.DLL
0x00007ff89dee0000 - 0x00007ff89df0c000 	C:\WINDOWS\SYSTEM32\dbgcore.DLL
0x00007ff8ae940000 - 0x00007ff8ae9c2000 	C:\WINDOWS\System32\bcryptPrimitives.dll
0x00007ff896ea0000 - 0x00007ff896ec9000 	C:\Program Files\Android\Android Studio\jre\bin\java.dll
0x00007ff8a64b0000 - 0x00007ff8a64bb000 	C:\Program Files\Android\Android Studio\jre\bin\jimage.dll
0x00007ff896d70000 - 0x00007ff896d88000 	C:\Program Files\Android\Android Studio\jre\bin\zip.dll
0x00007ff8af280000 - 0x00007ff8af9c4000 	C:\WINDOWS\System32\SHELL32.dll
0x00007ff8ac120000 - 0x00007ff8ac8b4000 	C:\WINDOWS\SYSTEM32\windows.storage.dll
0x00007ff8afea0000 - 0x00007ff8b01f4000 	C:\WINDOWS\System32\combase.dll
0x00007ff8ad970000 - 0x00007ff8ad99c000 	C:\WINDOWS\SYSTEM32\Wldp.dll
0x00007ff8b0850000 - 0x00007ff8b08fd000 	C:\WINDOWS\System32\SHCORE.dll
0x00007ff8aea90000 - 0x00007ff8aeae5000 	C:\WINDOWS\System32\shlwapi.dll
0x00007ff8ae000000 - 0x00007ff8ae01f000 	C:\WINDOWS\SYSTEM32\profapi.dll
0x00007ff895fb0000 - 0x00007ff895fca000 	C:\Program Files\Android\Android Studio\jre\bin\net.dll
0x00007ff89fc30000 - 0x00007ff89fd3a000 	C:\WINDOWS\SYSTEM32\WINHTTP.dll
0x00007ff8ad750000 - 0x00007ff8ad7ba000 	C:\WINDOWS\system32\mswsock.dll
0x00007ff894d50000 - 0x00007ff894d64000 	C:\Program Files\Android\Android Studio\jre\bin\nio.dll
0x00007ff884e50000 - 0x00007ff884e77000 	C:\Users\dariu\.gradle\native\e1d6ef7f7dcc3fd88c89a11ec53ec762bb8ba0a96d01ffa2cd45eb1d1d8dd5c5\windows-amd64\native-platform.dll
0x00007ff83f750000 - 0x00007ff83f894000 	C:\Users\dariu\.gradle\native\5664cfc778a61ccfe75a443a1ab52a65af34e5dc3c78e0209fed803814484fcb\windows-amd64\native-platform-file-events.dll
0x00007ff8a5690000 - 0x00007ff8a569a000 	C:\Program Files\Android\Android Studio\jre\bin\management.dll
0x00007ff89fe40000 - 0x00007ff89fe4d000 	C:\Program Files\Android\Android Studio\jre\bin\management_ext.dll
0x00007ff8ad9b0000 - 0x00007ff8ad9c8000 	C:\WINDOWS\SYSTEM32\CRYPTSP.dll
0x00007ff8ad0f0000 - 0x00007ff8ad124000 	C:\WINDOWS\system32\rsaenh.dll
0x00007ff8ae9d0000 - 0x00007ff8ae9f7000 	C:\WINDOWS\System32\bcrypt.dll
0x00007ff8adf80000 - 0x00007ff8adfae000 	C:\WINDOWS\SYSTEM32\USERENV.dll
0x00007ff8ad8e0000 - 0x00007ff8ad8ec000 	C:\WINDOWS\SYSTEM32\CRYPTBASE.dll
0x00007ff8ad460000 - 0x00007ff8ad49b000 	C:\WINDOWS\SYSTEM32\IPHLPAPI.DLL
0x00007ff8afe90000 - 0x00007ff8afe98000 	C:\WINDOWS\System32\NSI.dll
0x00007ff8a3370000 - 0x00007ff8a3387000 	C:\WINDOWS\SYSTEM32\dhcpcsvc6.DLL
0x00007ff89fea0000 - 0x00007ff89febd000 	C:\WINDOWS\SYSTEM32\dhcpcsvc.DLL
0x00007ff8ad4a0000 - 0x00007ff8ad56b000 	C:\WINDOWS\SYSTEM32\DNSAPI.dll
0x00007ff87ac70000 - 0x00007ff87ac97000 	C:\Program Files\Android\Android Studio\jre\bin\sunec.dll
0x00007ff8a57b0000 - 0x00007ff8a57ba000 	C:\Windows\System32\rasadhlp.dll
0x00007ff89e730000 - 0x00007ff89e7b0000 	C:\WINDOWS\System32\fwpuclnt.dll

dbghelp: loaded successfully - version: 4.0.5 - missing functions: none
symbol engine: initialized successfully - sym options: 0x614 - pdb path: .;C:\Program Files\Android\Android Studio\jre\bin;C:\WINDOWS\SYSTEM32;C:\WINDOWS\WinSxS\amd64_microsoft.windows.common-controls_6595b64144ccf1df_6.0.19041.1110_none_60b5254171f9507e;C:\Program Files\Android\Android Studio\jre\bin\server;C:\Users\dariu\.gradle\native\e1d6ef7f7dcc3fd88c89a11ec53ec762bb8ba0a96d01ffa2cd45eb1d1d8dd5c5\windows-amd64;C:\Users\dariu\.gradle\native\5664cfc778a61ccfe75a443a1ab52a65af34e5dc3c78e0209fed803814484fcb\windows-amd64

VM Arguments:
jvm_args: --add-opens=java.base/java.util=ALL-UNNAMED --add-opens=java.base/java.lang=ALL-UNNAMED --add-opens=java.base/java.lang.invoke=ALL-UNNAMED --add-opens=java.base/java.util=ALL-UNNAMED --add-opens=java.prefs/java.util.prefs=ALL-UNNAMED --add-opens=java.prefs/java.util.prefs=ALL-UNNAMED --add-opens=java.base/java.nio.charset=ALL-UNNAMED --add-opens=java.base/java.net=ALL-UNNAMED --add-opens=java.base/java.util.concurrent.atomic=ALL-UNNAMED -Xmx2048m -Dfile.encoding=UTF-8 -Duser.country=US -Duser.language=en -Duser.variant 
java_command: org.gradle.launcher.daemon.bootstrap.GradleDaemon 7.3.3
java_class_path (initial): C:\Users\dariu\.gradle\wrapper\dists\gradle-7.3.3-bin\6a41zxkdtcxs8rphpq6y0069z\gradle-7.3.3\lib\gradle-launcher-7.3.3.jar
Launcher Type: SUN_STANDARD

[Global flags]
     intx CICompilerCount                          = 3                                         {product} {ergonomic}
     uint ConcGCThreads                            = 1                                         {product} {ergonomic}
     uint G1ConcRefinementThreads                  = 4                                         {product} {ergonomic}
   size_t G1HeapRegionSize                         = 1048576                                   {product} {ergonomic}
    uintx GCDrainStackTargetSize                   = 64                                        {product} {ergonomic}
   size_t InitialHeapSize                          = 134217728                                 {product} {ergonomic}
   size_t MarkStackSize                            = 4194304                                   {product} {ergonomic}
   size_t MaxHeapSize                              = 2147483648                                {product} {command line}
   size_t MaxNewSize                               = 1287651328                                {product} {ergonomic}
   size_t MinHeapDeltaBytes                        = 1048576                                   {product} {ergonomic}
    uintx NonNMethodCodeHeapSize                   = 5830732                                {pd product} {ergonomic}
    uintx NonProfiledCodeHeapSize                  = 122913754                              {pd product} {ergonomic}
    uintx ProfiledCodeHeapSize                     = 122913754                              {pd product} {ergonomic}
    uintx ReservedCodeCacheSize                    = 251658240                              {pd product} {ergonomic}
     bool SegmentedCodeCache                       = true                                      {product} {ergonomic}
     bool UseCompressedClassPointers               = true                                 {lp64_product} {ergonomic}
     bool UseCompressedOops                        = true                                 {lp64_product} {ergonomic}
     bool UseG1GC                                  = true                                      {product} {ergonomic}
     bool UseLargePagesIndividualAllocation        = false                                  {pd product} {ergonomic}

Logging:
Log output configuration:
 #0: stdout all=warning uptime,level,tags
 #1: stderr all=off uptime,level,tags

Environment Variables:
JAVA_HOME=C:\Program Files\Eclipse Adoptium\jdk-17.0.3.7-hotspot\
PATH=C:\Gradle\gradle-7.4.2\bin\;C:\Program Files\Eclipse Adoptium\jdk-17.0.3.7-hotspot\bin;C:\Program Files (x86)\Intel\iCLS Client\;C:\Program Files\Intel\iCLS Client\;C:\WINDOWS\system32;C:\WINDOWS;C:\WINDOWS\System32\Wbem;C:\WINDOWS\System32\WindowsPowerShell\v1.0\;C:\Program Files (x86)\Intel\Intel(R) Management Engine Components\DAL;C:\Program Files\Intel\Intel(R) Management Engine Components\DAL;C:\Program Files (x86)\Intel\Intel(R) Management Engine Components\IPT;C:\Program Files\Intel\Intel(R) Management Engine Components\IPT;C:\Program Files\Intel\WiFi\bin\;C:\Program Files\Common Files\Intel\WirelessCommon\;C:\WINDOWS\System32\OpenSSH\;C:\Program Files\Git\cmd;C:\Program Files\nodejs\;C:\Users\dariu\AppData\Local\Microsoft\WindowsApps;C:\Users\dariu\AppData\Local\Programs\Microsoft VS Code\bin;";C:\Program Files\PostgreSQL\14\bin;C:\Program Files\PostgreSQL\14\lib";C:\Users\dariu\AppData\Roaming\npm
USERNAME=dariu
OS=Windows_NT
PROCESSOR_IDENTIFIER=Intel64 Family 6 Model 78 Stepping 3, GenuineIntel



---------------  S Y S T E M  ---------------

OS: Windows 10 , 64 bit Build 19041 (10.0.19041.1706)
OS uptime: 0 days 20:40 hours
Hyper-V role detected

CPU:total 4 (initial active 4) (2 cores per cpu, 2 threads per core) family 6 model 78 stepping 3 microcode 0xcc, cmov, cx8, fxsr, mmx, sse, sse2, sse3, ssse3, sse4.1, sse4.2, popcnt, avx, avx2, aes, clmul, erms, rtm, 3dnowpref, lzcnt, ht, tsc, tscinvbit, bmi1, bmi2, adx, fma

Memory: 4k page, system-wide physical 8088M (327M free)
TotalPageFile size 23154M (AvailPageFile size 6M)
current process WorkingSet (physical memory assigned to process): 406M, peak: 472M
current process commit charge ("private bytes"): 573M, peak: 578M

vm_info: OpenJDK 64-Bit Server VM (11.0.12+7-b1504.28-7817840) for windows-amd64 JRE (11.0.12+7-b1504.28-7817840), built on Oct 13 2021 22:12:33 by "builder" with MS VC++ 14.0 (VS2015)

END.
